<?xml version="1.0" encoding="UTF-8"?>
<!-- Generated by org.testng.reporters.JUnitXMLReporter -->
<testsuite ignored="0" hostname="LAPTOP-CI4N8TTQ" failures="1" tests="1" name="Test" time="31.203" errors="0" timestamp="2025-02-07T16:51:31 IST">
  <testcase classname="scripts.UpdateResumeTest" name="resumeUpdateProcess" time="26.035">
    <failure type="java.lang.AssertionError" message="expected [true] but found [false]">
      <![CDATA[java.lang.AssertionError: expected [true] but found [false]
at pages.ProfilePage.updateResume(ProfilePage.java:41)
at scripts.UpdateResumeTest.resumeUpdateProcess(UpdateResumeTest.java:28)
at java.base/java.util.ArrayList.forEach(ArrayList.java:1596)
... Removed 31 stack frames]]>
    </failure>
  </testcase> <!-- resumeUpdateProcess -->
</testsuite> <!-- Test -->
