<?xml version="1.0" encoding="UTF-8"?>
<testng-results ignored="0" total="1" passed="1" failed="0" skipped="0">
  <reporter-output>
    <line>
      <![CDATA[Chrome launched]]>
    </line>
    <line>
      <![CDATA[Browser closed]]>
    </line>
  </reporter-output>
  <suite started-at="2025-02-07T16:09:58 IST" name="Suite" finished-at="2025-02-07T16:10:06 IST" duration-ms="7712">
    <groups>
    </groups>
    <test started-at="2025-02-07T16:09:58 IST" name="Test" finished-at="2025-02-07T16:10:06 IST" duration-ms="7712">
      <class name="scripts.Demo">
        <test-method is-config="true" signature="before()[pri:0, instance:scripts.Demo@31e5415e]" started-at="2025-02-07T16:09:58 IST" name="before" finished-at="2025-02-07T16:09:58 IST" duration-ms="260" status="PASS">
          <reporter-output>
          </reporter-output>
        </test-method> <!-- before -->
        <test-method is-config="true" signature="setUp(java.lang.String)[pri:0, instance:scripts.Demo@31e5415e]" started-at="2025-02-07T16:09:58 IST" name="setUp" finished-at="2025-02-07T16:10:06 IST" duration-ms="7667" status="PASS">
          <params>
            <param index="0">
              <value>
                <![CDATA[chrome]]>
              </value>
            </param>
          </params>
          <reporter-output>
            <line>
              <![CDATA[Chrome launched]]>
            </line>
          </reporter-output>
        </test-method> <!-- setUp -->
        <test-method signature="test()[pri:0, instance:scripts.Demo@31e5415e]" started-at="2025-02-07T16:10:06 IST" name="test" finished-at="2025-02-07T16:10:06 IST" duration-ms="3" status="PASS">
          <reporter-output>
          </reporter-output>
        </test-method> <!-- test -->
        <test-method is-config="true" signature="postcondition(org.testng.ITestResult)[pri:0, instance:scripts.Demo@31e5415e]" started-at="2025-02-07T16:10:06 IST" name="postcondition" finished-at="2025-02-07T16:10:06 IST" duration-ms="4" status="PASS">
          <params>
            <param index="0">
              <value>
                <![CDATA[[TestResult name=test status=SUCCESS method=Demo.test()[pri:0, instance:scripts.Demo@31e5415e] output={null}]]]>
              </value>
            </param>
          </params>
          <reporter-output>
            <line>
              <![CDATA[Browser closed]]>
            </line>
          </reporter-output>
        </test-method> <!-- postcondition -->
        <test-method is-config="true" signature="endReport()[pri:0, instance:scripts.Demo@31e5415e]" started-at="2025-02-07T16:10:06 IST" name="endReport" finished-at="2025-02-07T16:10:07 IST" duration-ms="789" status="PASS">
          <reporter-output>
          </reporter-output>
        </test-method> <!-- endReport -->
      </class> <!-- scripts.Demo -->
    </test> <!-- Test -->
  </suite> <!-- Suite -->
</testng-results>
