<?xml version="1.0" encoding="UTF-8"?>
<!-- Generated by org.testng.reporters.JUnitReportReporter -->
<testsuite hostname="LAPTOP-CI4N8TTQ" failures="0" tests="1" name="com.naukriPortal.UpdateResumeTest" time="23.917" errors="0" timestamp="2025-02-02T13:50:34 IST" skipped="0">
  <testcase classname="com.naukriPortal.UpdateResumeTest" name="resumeUpdateProcess" time="23.917"/>
  <system-out>
    <![CDATA[Updated Successfully]]>
  </system-out>
</testsuite> <!-- com.naukriPortal.UpdateResumeTest -->
